2017-11-14 18:13:19,140 [Thread-10] ERROR StackTrace  - Full Stack Trace:
java.lang.NullPointerException: Cannot invoke method getPropertyValue() on null object
	at org.codehaus.groovy.runtime.NullObject.invokeMethod(NullObject.java:91)
	at org.codehaus.groovy.runtime.callsite.PogoMetaClassSite.call(PogoMetaClassSite.java:48)
	at org.codehaus.groovy.runtime.callsite.CallSiteArray.defaultCall(CallSiteArray.java:48)
	at org.codehaus.groovy.runtime.callsite.NullCallSite.call(NullCallSite.java:35)
	at org.codehaus.groovy.runtime.callsite.CallSiteArray.defaultCall(CallSiteArray.java:48)
	at org.codehaus.groovy.runtime.callsite.AbstractCallSite.call(AbstractCallSite.java:113)
	at org.codehaus.groovy.runtime.callsite.AbstractCallSite.call(AbstractCallSite.java:133)
	at ScaffoldingGrailsPlugin.configureScaffoldingController(ScaffoldingGrailsPlugin.groovy:120)
	at sun.reflect.NativeMethodAccessorImpl.invoke0(Native Method)
	at sun.reflect.NativeMethodAccessorImpl.invoke(NativeMethodAccessorImpl.java:62)
	at sun.reflect.DelegatingMethodAccessorImpl.invoke(DelegatingMethodAccessorImpl.java:43)
	at java.lang.reflect.Method.invoke(Method.java:498)
	at org.springsource.loaded.ri.ReflectiveInterceptor.jlrMethodInvoke(ReflectiveInterceptor.java:1426)
	at org.codehaus.groovy.reflection.CachedMethod.invoke(CachedMethod.java:93)
	at groovy.lang.MetaMethod.doMethodInvoke(MetaMethod.java:325)
	at groovy.lang.MetaClassImpl.invokeMethod(MetaClassImpl.java:1210)
	at groovy.lang.ExpandoMetaClass.invokeMethod(ExpandoMetaClass.java:1123)
	at groovy.lang.MetaClassImpl.invokeMethod(MetaClassImpl.java:1019)
	at groovy.lang.MetaClassImpl.invokeMethod(MetaClassImpl.java:1155)
	at groovy.lang.ExpandoMetaClass.invokeMethod(ExpandoMetaClass.java:1123)
	at groovy.lang.MetaClassImpl.invokeMethod(MetaClassImpl.java:1019)
	at org.codehaus.groovy.runtime.callsite.PogoMetaClassSite.callCurrent(PogoMetaClassSite.java:69)
	at org.codehaus.groovy.runtime.callsite.CallSiteArray.defaultCallCurrent(CallSiteArray.java:52)
	at org.codehaus.groovy.runtime.callsite.AbstractCallSite.callCurrent(AbstractCallSite.java:154)
	at org.codehaus.groovy.runtime.callsite.AbstractCallSite.callCurrent(AbstractCallSite.java:182)
	at ScaffoldingGrailsPlugin$_closure3.doCall(ScaffoldingGrailsPlugin.groovy:105)
	at sun.reflect.NativeMethodAccessorImpl.invoke0(Native Method)
	at sun.reflect.NativeMethodAccessorImpl.invoke(NativeMethodAccessorImpl.java:62)
	at sun.reflect.DelegatingMethodAccessorImpl.invoke(DelegatingMethodAccessorImpl.java:43)
	at java.lang.reflect.Method.invoke(Method.java:498)
	at org.springsource.loaded.ri.ReflectiveInterceptor.jlrMethodInvoke(ReflectiveInterceptor.java:1426)
	at org.codehaus.groovy.reflection.CachedMethod.invoke(CachedMethod.java:93)
	at groovy.lang.MetaMethod.doMethodInvoke(MetaMethod.java:325)
	at groovy.lang.MetaClassImpl.invokeMethod(MetaClassImpl.java:1210)
	at groovy.lang.ExpandoMetaClass.invokeMethod(ExpandoMetaClass.java:1123)
	at groovy.lang.MetaClassImpl.invokeMethod(MetaClassImpl.java:1019)
	at groovy.lang.Closure.call(Closure.java:426)
	at ScaffoldingGrailsPlugin$_closure3.call(ScaffoldingGrailsPlugin.groovy)
	at org.codehaus.groovy.grails.plugins.DefaultGrailsPlugin.invokeOnChangeListener(DefaultGrailsPlugin.java:767)
	at org.codehaus.groovy.grails.plugins.DefaultGrailsPlugin.notifyOfEvent(DefaultGrailsPlugin.java:716)
	at org.codehaus.groovy.grails.plugins.DefaultGrailsPluginManager.informObservers(DefaultGrailsPluginManager.java:242)
	at org.codehaus.groovy.grails.plugins.DefaultGrailsPlugin.notifyOfEvent(DefaultGrailsPlugin.java:732)
	at org.codehaus.groovy.grails.plugins.AbstractGrailsPluginManager.informOfClassChange(AbstractGrailsPluginManager.java:408)
	at org.codehaus.groovy.grails.plugins.AbstractGrailsPluginManager.informOfFileChange(AbstractGrailsPluginManager.java:366)
	at org.codehaus.groovy.grails.project.compiler.GrailsProjectWatcher.informPluginManager(GrailsProjectWatcher.java:226)
	at org.codehaus.groovy.grails.project.compiler.GrailsProjectWatcher.access$400(GrailsProjectWatcher.java:48)
	at org.codehaus.groovy.grails.project.compiler.GrailsProjectWatcher$1.onNew(GrailsProjectWatcher.java:152)
	at org.codehaus.groovy.grails.compiler.AbstractDirectoryWatcher.fireOnNew(AbstractDirectoryWatcher.java:76)
	at org.codehaus.groovy.grails.compiler.WatchServiceDirectoryWatcher.run(WatchServiceDirectoryWatcher.java:104)
	at org.codehaus.groovy.grails.compiler.DirectoryWatcher.run(DirectoryWatcher.java:154)
	at org.codehaus.groovy.grails.project.compiler.GrailsProjectWatcher.run(GrailsProjectWatcher.java:161)
2017-11-14 18:13:19,154 [Thread-10] ERROR StackTrace  - Full Stack Trace:
java.lang.NullPointerException: Cannot invoke method getPropertyValue() on null object
	at ScaffoldingGrailsPlugin.configureScaffoldingController(ScaffoldingGrailsPlugin.groovy:120)
	at ScaffoldingGrailsPlugin$_closure3.doCall(ScaffoldingGrailsPlugin.groovy:105)
2017-11-14 18:13:19,155 [Thread-10] ERROR StackTrace  - Full Stack Trace:
java.lang.NullPointerException: Cannot invoke method getPropertyValue() on null object
	at ScaffoldingGrailsPlugin.configureScaffoldingController(ScaffoldingGrailsPlugin.groovy:120)
	at ScaffoldingGrailsPlugin$_closure3.doCall(ScaffoldingGrailsPlugin.groovy:105)
2017-11-14 18:13:19,155 [Thread-10] ERROR StackTrace  - Full Stack Trace:
java.lang.NullPointerException: Cannot invoke method getPropertyValue() on null object
	at ScaffoldingGrailsPlugin.configureScaffoldingController(ScaffoldingGrailsPlugin.groovy:120)
	at ScaffoldingGrailsPlugin$_closure3.doCall(ScaffoldingGrailsPlugin.groovy:105)
2017-11-14 18:16:38,362 [Thread-11] ERROR StackTrace  - Full Stack Trace:
java.lang.NullPointerException: Cannot invoke method getPropertyValue() on null object
	at org.codehaus.groovy.runtime.NullObject.invokeMethod(NullObject.java:91)
	at org.codehaus.groovy.runtime.callsite.PogoMetaClassSite.call(PogoMetaClassSite.java:48)
	at org.codehaus.groovy.runtime.callsite.CallSiteArray.defaultCall(CallSiteArray.java:48)
	at org.codehaus.groovy.runtime.callsite.NullCallSite.call(NullCallSite.java:35)
	at org.codehaus.groovy.runtime.callsite.CallSiteArray.defaultCall(CallSiteArray.java:48)
	at org.codehaus.groovy.runtime.callsite.AbstractCallSite.call(AbstractCallSite.java:113)
	at org.codehaus.groovy.runtime.callsite.AbstractCallSite.call(AbstractCallSite.java:133)
	at ScaffoldingGrailsPlugin.configureScaffoldingController(ScaffoldingGrailsPlugin.groovy:120)
	at sun.reflect.NativeMethodAccessorImpl.invoke0(Native Method)
	at sun.reflect.NativeMethodAccessorImpl.invoke(NativeMethodAccessorImpl.java:62)
	at sun.reflect.DelegatingMethodAccessorImpl.invoke(DelegatingMethodAccessorImpl.java:43)
	at java.lang.reflect.Method.invoke(Method.java:498)
	at org.springsource.loaded.ri.ReflectiveInterceptor.jlrMethodInvoke(ReflectiveInterceptor.java:1426)
	at org.codehaus.groovy.reflection.CachedMethod.invoke(CachedMethod.java:93)
	at groovy.lang.MetaMethod.doMethodInvoke(MetaMethod.java:325)
	at groovy.lang.MetaClassImpl.invokeMethod(MetaClassImpl.java:1210)
	at groovy.lang.ExpandoMetaClass.invokeMethod(ExpandoMetaClass.java:1123)
	at groovy.lang.MetaClassImpl.invokeMethod(MetaClassImpl.java:1019)
	at groovy.lang.MetaClassImpl.invokeMethod(MetaClassImpl.java:1155)
	at groovy.lang.ExpandoMetaClass.invokeMethod(ExpandoMetaClass.java:1123)
	at groovy.lang.MetaClassImpl.invokeMethod(MetaClassImpl.java:1019)
	at org.codehaus.groovy.runtime.callsite.PogoMetaClassSite.callCurrent(PogoMetaClassSite.java:69)
	at org.codehaus.groovy.runtime.callsite.CallSiteArray.defaultCallCurrent(CallSiteArray.java:52)
	at org.codehaus.groovy.runtime.callsite.AbstractCallSite.callCurrent(AbstractCallSite.java:154)
	at org.codehaus.groovy.runtime.callsite.AbstractCallSite.callCurrent(AbstractCallSite.java:182)
	at ScaffoldingGrailsPlugin$_closure3.doCall(ScaffoldingGrailsPlugin.groovy:105)
	at sun.reflect.NativeMethodAccessorImpl.invoke0(Native Method)
	at sun.reflect.NativeMethodAccessorImpl.invoke(NativeMethodAccessorImpl.java:62)
	at sun.reflect.DelegatingMethodAccessorImpl.invoke(DelegatingMethodAccessorImpl.java:43)
	at java.lang.reflect.Method.invoke(Method.java:498)
	at org.springsource.loaded.ri.ReflectiveInterceptor.jlrMethodInvoke(ReflectiveInterceptor.java:1426)
	at org.codehaus.groovy.reflection.CachedMethod.invoke(CachedMethod.java:93)
	at groovy.lang.MetaMethod.doMethodInvoke(MetaMethod.java:325)
	at groovy.lang.MetaClassImpl.invokeMethod(MetaClassImpl.java:1210)
	at groovy.lang.ExpandoMetaClass.invokeMethod(ExpandoMetaClass.java:1123)
	at groovy.lang.MetaClassImpl.invokeMethod(MetaClassImpl.java:1019)
	at groovy.lang.Closure.call(Closure.java:426)
	at ScaffoldingGrailsPlugin$_closure3.call(ScaffoldingGrailsPlugin.groovy)
	at org.codehaus.groovy.grails.plugins.DefaultGrailsPlugin.invokeOnChangeListener(DefaultGrailsPlugin.java:767)
	at org.codehaus.groovy.grails.plugins.DefaultGrailsPlugin.notifyOfEvent(DefaultGrailsPlugin.java:716)
	at org.codehaus.groovy.grails.plugins.DefaultGrailsPluginManager.informObservers(DefaultGrailsPluginManager.java:242)
	at org.codehaus.groovy.grails.plugins.DefaultGrailsPlugin.notifyOfEvent(DefaultGrailsPlugin.java:732)
	at org.codehaus.groovy.grails.plugins.AbstractGrailsPluginManager.informOfClassChange(AbstractGrailsPluginManager.java:408)
	at org.codehaus.groovy.grails.plugins.AbstractGrailsPluginManager.informOfFileChange(AbstractGrailsPluginManager.java:366)
	at org.codehaus.groovy.grails.project.compiler.GrailsProjectWatcher.informPluginManager(GrailsProjectWatcher.java:226)
	at org.codehaus.groovy.grails.project.compiler.GrailsProjectWatcher.access$400(GrailsProjectWatcher.java:48)
	at org.codehaus.groovy.grails.project.compiler.GrailsProjectWatcher$1.onNew(GrailsProjectWatcher.java:152)
	at org.codehaus.groovy.grails.compiler.AbstractDirectoryWatcher.fireOnNew(AbstractDirectoryWatcher.java:76)
	at org.codehaus.groovy.grails.compiler.WatchServiceDirectoryWatcher.run(WatchServiceDirectoryWatcher.java:104)
	at org.codehaus.groovy.grails.compiler.DirectoryWatcher.run(DirectoryWatcher.java:154)
	at org.codehaus.groovy.grails.project.compiler.GrailsProjectWatcher.run(GrailsProjectWatcher.java:161)
2017-11-14 18:16:38,367 [Thread-11] ERROR StackTrace  - Full Stack Trace:
java.lang.NullPointerException: Cannot invoke method getPropertyValue() on null object
	at ScaffoldingGrailsPlugin.configureScaffoldingController(ScaffoldingGrailsPlugin.groovy:120)
	at ScaffoldingGrailsPlugin$_closure3.doCall(ScaffoldingGrailsPlugin.groovy:105)
2017-11-14 18:16:38,372 [Thread-11] ERROR StackTrace  - Full Stack Trace:
java.lang.NullPointerException: Cannot invoke method getPropertyValue() on null object
	at ScaffoldingGrailsPlugin.configureScaffoldingController(ScaffoldingGrailsPlugin.groovy:120)
	at ScaffoldingGrailsPlugin$_closure3.doCall(ScaffoldingGrailsPlugin.groovy:105)
2017-11-14 18:16:38,372 [Thread-11] ERROR StackTrace  - Full Stack Trace:
java.lang.NullPointerException: Cannot invoke method getPropertyValue() on null object
	at ScaffoldingGrailsPlugin.configureScaffoldingController(ScaffoldingGrailsPlugin.groovy:120)
	at ScaffoldingGrailsPlugin$_closure3.doCall(ScaffoldingGrailsPlugin.groovy:105)
2017-11-14 18:37:31,942 [Thread-10] ERROR StackTrace  - Full Stack Trace:
java.lang.NullPointerException: Cannot invoke method getPropertyValue() on null object
	at org.codehaus.groovy.runtime.NullObject.invokeMethod(NullObject.java:91)
	at org.codehaus.groovy.runtime.callsite.PogoMetaClassSite.call(PogoMetaClassSite.java:48)
	at org.codehaus.groovy.runtime.callsite.CallSiteArray.defaultCall(CallSiteArray.java:48)
	at org.codehaus.groovy.runtime.callsite.NullCallSite.call(NullCallSite.java:35)
	at org.codehaus.groovy.runtime.callsite.CallSiteArray.defaultCall(CallSiteArray.java:48)
	at org.codehaus.groovy.runtime.callsite.AbstractCallSite.call(AbstractCallSite.java:113)
	at org.codehaus.groovy.runtime.callsite.AbstractCallSite.call(AbstractCallSite.java:133)
	at ScaffoldingGrailsPlugin.configureScaffoldingController(ScaffoldingGrailsPlugin.groovy:120)
	at sun.reflect.NativeMethodAccessorImpl.invoke0(Native Method)
	at sun.reflect.NativeMethodAccessorImpl.invoke(NativeMethodAccessorImpl.java:62)
	at sun.reflect.DelegatingMethodAccessorImpl.invoke(DelegatingMethodAccessorImpl.java:43)
	at java.lang.reflect.Method.invoke(Method.java:498)
	at org.springsource.loaded.ri.ReflectiveInterceptor.jlrMethodInvoke(ReflectiveInterceptor.java:1426)
	at org.codehaus.groovy.reflection.CachedMethod.invoke(CachedMethod.java:93)
	at groovy.lang.MetaMethod.doMethodInvoke(MetaMethod.java:325)
	at groovy.lang.MetaClassImpl.invokeMethod(MetaClassImpl.java:1210)
	at groovy.lang.ExpandoMetaClass.invokeMethod(ExpandoMetaClass.java:1123)
	at groovy.lang.MetaClassImpl.invokeMethod(MetaClassImpl.java:1019)
	at groovy.lang.MetaClassImpl.invokeMethod(MetaClassImpl.java:1155)
	at groovy.lang.ExpandoMetaClass.invokeMethod(ExpandoMetaClass.java:1123)
	at groovy.lang.MetaClassImpl.invokeMethod(MetaClassImpl.java:1019)
	at org.codehaus.groovy.runtime.callsite.PogoMetaClassSite.callCurrent(PogoMetaClassSite.java:69)
	at org.codehaus.groovy.runtime.callsite.CallSiteArray.defaultCallCurrent(CallSiteArray.java:52)
	at org.codehaus.groovy.runtime.callsite.AbstractCallSite.callCurrent(AbstractCallSite.java:154)
	at org.codehaus.groovy.runtime.callsite.AbstractCallSite.callCurrent(AbstractCallSite.java:182)
	at ScaffoldingGrailsPlugin$_closure3.doCall(ScaffoldingGrailsPlugin.groovy:105)
	at sun.reflect.NativeMethodAccessorImpl.invoke0(Native Method)
	at sun.reflect.NativeMethodAccessorImpl.invoke(NativeMethodAccessorImpl.java:62)
	at sun.reflect.DelegatingMethodAccessorImpl.invoke(DelegatingMethodAccessorImpl.java:43)
	at java.lang.reflect.Method.invoke(Method.java:498)
	at org.springsource.loaded.ri.ReflectiveInterceptor.jlrMethodInvoke(ReflectiveInterceptor.java:1426)
	at org.codehaus.groovy.reflection.CachedMethod.invoke(CachedMethod.java:93)
	at groovy.lang.MetaMethod.doMethodInvoke(MetaMethod.java:325)
	at groovy.lang.MetaClassImpl.invokeMethod(MetaClassImpl.java:1210)
	at groovy.lang.ExpandoMetaClass.invokeMethod(ExpandoMetaClass.java:1123)
	at groovy.lang.MetaClassImpl.invokeMethod(MetaClassImpl.java:1019)
	at groovy.lang.Closure.call(Closure.java:426)
	at ScaffoldingGrailsPlugin$_closure3.call(ScaffoldingGrailsPlugin.groovy)
	at org.codehaus.groovy.grails.plugins.DefaultGrailsPlugin.invokeOnChangeListener(DefaultGrailsPlugin.java:767)
	at org.codehaus.groovy.grails.plugins.DefaultGrailsPlugin.notifyOfEvent(DefaultGrailsPlugin.java:716)
	at org.codehaus.groovy.grails.plugins.DefaultGrailsPluginManager.informObservers(DefaultGrailsPluginManager.java:242)
	at org.codehaus.groovy.grails.plugins.DefaultGrailsPlugin.notifyOfEvent(DefaultGrailsPlugin.java:732)
	at org.codehaus.groovy.grails.plugins.AbstractGrailsPluginManager.informOfClassChange(AbstractGrailsPluginManager.java:408)
	at org.codehaus.groovy.grails.plugins.AbstractGrailsPluginManager.informOfFileChange(AbstractGrailsPluginManager.java:366)
	at org.codehaus.groovy.grails.project.compiler.GrailsProjectWatcher.informPluginManager(GrailsProjectWatcher.java:226)
	at org.codehaus.groovy.grails.project.compiler.GrailsProjectWatcher.access$400(GrailsProjectWatcher.java:48)
	at org.codehaus.groovy.grails.project.compiler.GrailsProjectWatcher$1.onNew(GrailsProjectWatcher.java:152)
	at org.codehaus.groovy.grails.compiler.AbstractDirectoryWatcher.fireOnNew(AbstractDirectoryWatcher.java:76)
	at org.codehaus.groovy.grails.compiler.WatchServiceDirectoryWatcher.run(WatchServiceDirectoryWatcher.java:104)
	at org.codehaus.groovy.grails.compiler.DirectoryWatcher.run(DirectoryWatcher.java:154)
	at org.codehaus.groovy.grails.project.compiler.GrailsProjectWatcher.run(GrailsProjectWatcher.java:161)
2017-11-14 18:37:31,948 [Thread-10] ERROR StackTrace  - Full Stack Trace:
java.lang.NullPointerException: Cannot invoke method getPropertyValue() on null object
	at ScaffoldingGrailsPlugin.configureScaffoldingController(ScaffoldingGrailsPlugin.groovy:120)
	at ScaffoldingGrailsPlugin$_closure3.doCall(ScaffoldingGrailsPlugin.groovy:105)
2017-11-14 18:37:31,953 [Thread-10] ERROR StackTrace  - Full Stack Trace:
java.lang.NullPointerException: Cannot invoke method getPropertyValue() on null object
	at ScaffoldingGrailsPlugin.configureScaffoldingController(ScaffoldingGrailsPlugin.groovy:120)
	at ScaffoldingGrailsPlugin$_closure3.doCall(ScaffoldingGrailsPlugin.groovy:105)
2017-11-14 18:37:31,953 [Thread-10] ERROR StackTrace  - Full Stack Trace:
java.lang.NullPointerException: Cannot invoke method getPropertyValue() on null object
	at ScaffoldingGrailsPlugin.configureScaffoldingController(ScaffoldingGrailsPlugin.groovy:120)
	at ScaffoldingGrailsPlugin$_closure3.doCall(ScaffoldingGrailsPlugin.groovy:105)
2017-11-14 18:49:10,078 [Thread-10] ERROR StackTrace  - Full Stack Trace:
java.lang.NullPointerException: Cannot invoke method getPropertyValue() on null object
	at org.codehaus.groovy.runtime.NullObject.invokeMethod(NullObject.java:91)
	at org.codehaus.groovy.runtime.callsite.PogoMetaClassSite.call(PogoMetaClassSite.java:48)
	at org.codehaus.groovy.runtime.callsite.CallSiteArray.defaultCall(CallSiteArray.java:48)
	at org.codehaus.groovy.runtime.callsite.NullCallSite.call(NullCallSite.java:35)
	at org.codehaus.groovy.runtime.callsite.CallSiteArray.defaultCall(CallSiteArray.java:48)
	at org.codehaus.groovy.runtime.callsite.AbstractCallSite.call(AbstractCallSite.java:113)
	at org.codehaus.groovy.runtime.callsite.AbstractCallSite.call(AbstractCallSite.java:133)
	at ScaffoldingGrailsPlugin.configureScaffoldingController(ScaffoldingGrailsPlugin.groovy:120)
	at sun.reflect.NativeMethodAccessorImpl.invoke0(Native Method)
	at sun.reflect.NativeMethodAccessorImpl.invoke(NativeMethodAccessorImpl.java:62)
	at sun.reflect.DelegatingMethodAccessorImpl.invoke(DelegatingMethodAccessorImpl.java:43)
	at java.lang.reflect.Method.invoke(Method.java:498)
	at org.springsource.loaded.ri.ReflectiveInterceptor.jlrMethodInvoke(ReflectiveInterceptor.java:1426)
	at org.codehaus.groovy.reflection.CachedMethod.invoke(CachedMethod.java:93)
	at groovy.lang.MetaMethod.doMethodInvoke(MetaMethod.java:325)
	at groovy.lang.MetaClassImpl.invokeMethod(MetaClassImpl.java:1210)
	at groovy.lang.ExpandoMetaClass.invokeMethod(ExpandoMetaClass.java:1123)
	at groovy.lang.MetaClassImpl.invokeMethod(MetaClassImpl.java:1019)
	at groovy.lang.MetaClassImpl.invokeMethod(MetaClassImpl.java:1155)
	at groovy.lang.ExpandoMetaClass.invokeMethod(ExpandoMetaClass.java:1123)
	at groovy.lang.MetaClassImpl.invokeMethod(MetaClassImpl.java:1019)
	at org.codehaus.groovy.runtime.callsite.PogoMetaClassSite.callCurrent(PogoMetaClassSite.java:69)
	at org.codehaus.groovy.runtime.callsite.CallSiteArray.defaultCallCurrent(CallSiteArray.java:52)
	at org.codehaus.groovy.runtime.callsite.AbstractCallSite.callCurrent(AbstractCallSite.java:154)
	at org.codehaus.groovy.runtime.callsite.AbstractCallSite.callCurrent(AbstractCallSite.java:182)
	at ScaffoldingGrailsPlugin$_closure3.doCall(ScaffoldingGrailsPlugin.groovy:105)
	at sun.reflect.NativeMethodAccessorImpl.invoke0(Native Method)
	at sun.reflect.NativeMethodAccessorImpl.invoke(NativeMethodAccessorImpl.java:62)
	at sun.reflect.DelegatingMethodAccessorImpl.invoke(DelegatingMethodAccessorImpl.java:43)
	at java.lang.reflect.Method.invoke(Method.java:498)
	at org.springsource.loaded.ri.ReflectiveInterceptor.jlrMethodInvoke(ReflectiveInterceptor.java:1426)
	at org.codehaus.groovy.reflection.CachedMethod.invoke(CachedMethod.java:93)
	at groovy.lang.MetaMethod.doMethodInvoke(MetaMethod.java:325)
	at groovy.lang.MetaClassImpl.invokeMethod(MetaClassImpl.java:1210)
	at groovy.lang.ExpandoMetaClass.invokeMethod(ExpandoMetaClass.java:1123)
	at groovy.lang.MetaClassImpl.invokeMethod(MetaClassImpl.java:1019)
	at groovy.lang.Closure.call(Closure.java:426)
	at ScaffoldingGrailsPlugin$_closure3.call(ScaffoldingGrailsPlugin.groovy)
	at org.codehaus.groovy.grails.plugins.DefaultGrailsPlugin.invokeOnChangeListener(DefaultGrailsPlugin.java:767)
	at org.codehaus.groovy.grails.plugins.DefaultGrailsPlugin.notifyOfEvent(DefaultGrailsPlugin.java:716)
	at org.codehaus.groovy.grails.plugins.DefaultGrailsPluginManager.informObservers(DefaultGrailsPluginManager.java:242)
	at org.codehaus.groovy.grails.plugins.DefaultGrailsPlugin.notifyOfEvent(DefaultGrailsPlugin.java:732)
	at org.codehaus.groovy.grails.plugins.AbstractGrailsPluginManager.informOfClassChange(AbstractGrailsPluginManager.java:408)
	at org.codehaus.groovy.grails.plugins.AbstractGrailsPluginManager.informOfFileChange(AbstractGrailsPluginManager.java:366)
	at org.codehaus.groovy.grails.project.compiler.GrailsProjectWatcher.informPluginManager(GrailsProjectWatcher.java:226)
	at org.codehaus.groovy.grails.project.compiler.GrailsProjectWatcher.access$400(GrailsProjectWatcher.java:48)
	at org.codehaus.groovy.grails.project.compiler.GrailsProjectWatcher$1.onNew(GrailsProjectWatcher.java:152)
	at org.codehaus.groovy.grails.compiler.AbstractDirectoryWatcher.fireOnNew(AbstractDirectoryWatcher.java:76)
	at org.codehaus.groovy.grails.compiler.WatchServiceDirectoryWatcher.run(WatchServiceDirectoryWatcher.java:104)
	at org.codehaus.groovy.grails.compiler.DirectoryWatcher.run(DirectoryWatcher.java:154)
	at org.codehaus.groovy.grails.project.compiler.GrailsProjectWatcher.run(GrailsProjectWatcher.java:161)
2017-11-14 18:49:10,101 [Thread-10] ERROR StackTrace  - Full Stack Trace:
java.lang.NullPointerException: Cannot invoke method getPropertyValue() on null object
	at ScaffoldingGrailsPlugin.configureScaffoldingController(ScaffoldingGrailsPlugin.groovy:120)
	at ScaffoldingGrailsPlugin$_closure3.doCall(ScaffoldingGrailsPlugin.groovy:105)
2017-11-14 18:49:10,102 [Thread-10] ERROR StackTrace  - Full Stack Trace:
java.lang.NullPointerException: Cannot invoke method getPropertyValue() on null object
	at ScaffoldingGrailsPlugin.configureScaffoldingController(ScaffoldingGrailsPlugin.groovy:120)
	at ScaffoldingGrailsPlugin$_closure3.doCall(ScaffoldingGrailsPlugin.groovy:105)
2017-11-14 18:49:10,108 [Thread-10] ERROR StackTrace  - Full Stack Trace:
java.lang.NullPointerException: Cannot invoke method getPropertyValue() on null object
	at ScaffoldingGrailsPlugin.configureScaffoldingController(ScaffoldingGrailsPlugin.groovy:120)
	at ScaffoldingGrailsPlugin$_closure3.doCall(ScaffoldingGrailsPlugin.groovy:105)
2017-11-14 19:03:12,860 [FileSystemWatcher: files=#74 cl=java.net.URLClassLoader@127a7272] ERROR StackTrace  - Full Stack Trace:
java.lang.NullPointerException
	at org.codehaus.groovy.grails.web.mapping.UrlMappingsHolderFactoryBean.setApplicationContext(UrlMappingsHolderFactoryBean.java:159)
	at sun.reflect.NativeMethodAccessorImpl.invoke0(Native Method)
	at sun.reflect.NativeMethodAccessorImpl.invoke(NativeMethodAccessorImpl.java:62)
	at sun.reflect.DelegatingMethodAccessorImpl.invoke(DelegatingMethodAccessorImpl.java:43)
	at java.lang.reflect.Method.invoke(Method.java:498)
	at org.springsource.loaded.ri.ReflectiveInterceptor.jlrMethodInvoke(ReflectiveInterceptor.java:1432)
	at org.codehaus.groovy.reflection.CachedMethod.invoke(CachedMethod.java:93)
	at groovy.lang.MetaMethod.doMethodInvoke(MetaMethod.java:325)
	at groovy.lang.MetaClassImpl.setProperty(MetaClassImpl.java:2702)
	at groovy.lang.ExpandoMetaClass.setProperty(ExpandoMetaClass.java:1183)
	at groovy.lang.MetaClassImpl.setProperty(MetaClassImpl.java:3749)
	at groovy.lang.MetaClassImpl.setProperties(MetaClassImpl.java:1744)
	at org.codehaus.groovy.runtime.callsite.ConstructorSite$NoParamSite.callConstructor(ConstructorSite.java:125)
	at org.codehaus.groovy.runtime.callsite.AbstractCallSite.callConstructor(AbstractCallSite.java:247)
	at org.codehaus.groovy.grails.plugins.web.mapping.UrlMappingsGrailsPlugin.createUrlMappingsHolder(UrlMappingsGrailsPlugin.groovy:205)
	at sun.reflect.NativeMethodAccessorImpl.invoke0(Native Method)
	at sun.reflect.NativeMethodAccessorImpl.invoke(NativeMethodAccessorImpl.java:62)
	at sun.reflect.DelegatingMethodAccessorImpl.invoke(DelegatingMethodAccessorImpl.java:43)
	at java.lang.reflect.Method.invoke(Method.java:498)
	at org.springsource.loaded.ri.ReflectiveInterceptor.jlrMethodInvoke(ReflectiveInterceptor.java:1432)
	at org.codehaus.groovy.reflection.CachedMethod.invoke(CachedMethod.java:93)
	at groovy.lang.MetaMethod.doMethodInvoke(MetaMethod.java:325)
	at groovy.lang.MetaClassImpl.invokeMethod(MetaClassImpl.java:1210)
	at groovy.lang.ExpandoMetaClass.invokeMethod(ExpandoMetaClass.java:1123)
	at groovy.lang.MetaClassImpl.invokeMethod(MetaClassImpl.java:1019)
	at groovy.lang.MetaClassImpl.invokeMethod(MetaClassImpl.java:1155)
	at groovy.lang.ExpandoMetaClass.invokeMethod(ExpandoMetaClass.java:1123)
	at groovy.lang.MetaClassImpl.invokeMethod(MetaClassImpl.java:1019)
	at org.codehaus.groovy.runtime.callsite.PogoMetaClassSite.callCurrent(PogoMetaClassSite.java:69)
	at org.codehaus.groovy.runtime.callsite.AbstractCallSite.callCurrent(AbstractCallSite.java:182)
	at org.codehaus.groovy.grails.plugins.web.mapping.UrlMappingsGrailsPlugin$_closure3.doCall(UrlMappingsGrailsPlugin.groovy:193)
	at sun.reflect.NativeMethodAccessorImpl.invoke0(Native Method)
	at sun.reflect.NativeMethodAccessorImpl.invoke(NativeMethodAccessorImpl.java:62)
	at sun.reflect.DelegatingMethodAccessorImpl.invoke(DelegatingMethodAccessorImpl.java:43)
	at java.lang.reflect.Method.invoke(Method.java:498)
	at org.springsource.loaded.ri.ReflectiveInterceptor.jlrMethodInvoke(ReflectiveInterceptor.java:1432)
	at org.codehaus.groovy.reflection.CachedMethod.invoke(CachedMethod.java:93)
	at groovy.lang.MetaMethod.doMethodInvoke(MetaMethod.java:325)
	at groovy.lang.MetaClassImpl.invokeMethod(MetaClassImpl.java:1210)
	at groovy.lang.ExpandoMetaClass.invokeMethod(ExpandoMetaClass.java:1123)
	at groovy.lang.MetaClassImpl.invokeMethod(MetaClassImpl.java:1019)
	at groovy.lang.Closure.call(Closure.java:426)
	at org.codehaus.groovy.grails.plugins.DefaultGrailsPlugin.invokeOnChangeListener(DefaultGrailsPlugin.java:767)
	at org.codehaus.groovy.grails.plugins.DefaultGrailsPlugin.notifyOfEvent(DefaultGrailsPlugin.java:716)
	at org.codehaus.groovy.grails.plugins.DefaultGrailsPlugin.notifyOfEvent(DefaultGrailsPlugin.java:731)
	at org.codehaus.groovy.grails.plugins.AbstractGrailsPluginManager.informOfClassChange(AbstractGrailsPluginManager.java:408)
	at org.codehaus.groovy.grails.project.compiler.GrailsProjectWatcher$2.run(GrailsProjectWatcher.java:246)
	at org.codehaus.groovy.grails.project.compiler.GrailsProjectWatcher.firePendingClassChangeEvents(GrailsProjectWatcher.java:107)
	at org.codehaus.groovy.grails.cli.agent.GrailsPluginManagerReloadPlugin.reloadEvent(GrailsPluginManagerReloadPlugin.java:42)
	at org.springsource.loaded.TypeRegistry.fireReloadEvent(TypeRegistry.java:2021)
	at org.springsource.loaded.ReloadableType.loadNewVersion(ReloadableType.java:444)
	at org.springsource.loaded.TypeRegistry.loadNewVersion(TypeRegistry.java:1013)
	at org.springsource.loaded.agent.ReloadableFileChangeListener.fileChanged(ReloadableFileChangeListener.java:104)
	at org.springsource.loaded.agent.Watcher.determineChangesSince(FileSystemWatcher.java:251)
	at org.springsource.loaded.agent.Watcher.run(FileSystemWatcher.java:235)
	at java.lang.Thread.run(Thread.java:748)
2017-11-14 19:03:12,871 [FileSystemWatcher: files=#74 cl=java.net.URLClassLoader@127a7272] ERROR StackTrace  - Full Stack Trace:
java.lang.NullPointerException
	at java.lang.Thread.run(Thread.java:748)
2017-11-14 19:03:12,871 [FileSystemWatcher: files=#74 cl=java.net.URLClassLoader@127a7272] ERROR StackTrace  - Full Stack Trace:
java.lang.NullPointerException
	at java.lang.Thread.run(Thread.java:748)
2017-11-14 19:03:12,871 [FileSystemWatcher: files=#74 cl=java.net.URLClassLoader@127a7272] ERROR StackTrace  - Full Stack Trace:
java.lang.NullPointerException
	at java.lang.Thread.run(Thread.java:748)
